2025-09-10 00:04:47,953 - debug - INFO - === USER LOGOUT ===
2025-09-10 00:04:47,985 - debug - DEBUG - ⏱️ Request processed in 0.0912s: /user/logout
2025-09-10 00:04:48,019 - debug - INFO - === ACCESSING ROOT PAGE ===
2025-09-10 00:04:48,019 - debug - DEBUG - 🔍 Username from cookie: None
2025-09-10 00:04:48,040 - debug - DEBUG - ⏱️ Request processed in 0.0381s: /
2025-09-10 00:04:49,039 - debug - WARNING - 🔍 Not found: https://localhost:8443/favicon.ico
2025-09-10 00:04:49,041 - debug - DEBUG - ⏱️ Request processed in 0.0063s: /favicon.ico
2025-09-10 00:04:49,047 - debug - INFO - === ACCESSING ROOT PAGE ===
2025-09-10 00:04:49,048 - debug - DEBUG - 🔍 Username from cookie: None
2025-09-10 00:04:49,054 - debug - DEBUG - ⏱️ Request processed in 0.0083s: /
2025-09-10 00:04:49,457 - debug - INFO - === ACCESSING LOGIN PAGE ===
2025-09-10 00:04:49,461 - debug - DEBUG - ⏱️ Request processed in 0.0107s: /user/login-page
2025-09-10 00:04:50,226 - debug - WARNING - 🔍 Not found: https://localhost:8443/favicon.ico
2025-09-10 00:04:50,228 - debug - DEBUG - ⏱️ Request processed in 0.0075s: /favicon.ico
2025-09-10 00:04:50,243 - debug - INFO - === ACCESSING ROOT PAGE ===
2025-09-10 00:04:50,244 - debug - DEBUG - 🔍 Username from cookie: None
2025-09-10 00:04:50,249 - debug - DEBUG - ⏱️ Request processed in 0.0151s: /
2025-09-10 00:04:52,286 - debug - INFO - === ACCESSING REGISTER PAGE ===
2025-09-10 00:04:52,298 - debug - DEBUG - ⏱️ Request processed in 0.0125s: /user/register
2025-09-10 00:04:52,386 - debug - WARNING - 🔍 Not found: https://localhost:8443/favicon.ico
2025-09-10 00:04:52,387 - debug - DEBUG - ⏱️ Request processed in 0.0023s: /favicon.ico
2025-09-10 00:04:52,399 - debug - INFO - === ACCESSING ROOT PAGE ===
2025-09-10 00:04:52,399 - debug - DEBUG - 🔍 Username from cookie: None
2025-09-10 00:04:52,408 - debug - DEBUG - ⏱️ Request processed in 0.0104s: /
2025-09-10 00:05:48,049 - debug - INFO - === REGISTER SUBMIT FUNCTION CALLED ===
2025-09-10 00:05:48,050 - debug - INFO - Register attempt for username: hihi, email: pamiu@gmail.com
2025-09-10 00:05:48,644 - debug - INFO - ✅ User created successfully: hihi
2025-09-10 00:05:48,653 - debug - INFO - ✅ Access token created for user: hihi
2025-09-10 00:05:48,654 - debug - INFO - ✅ Registration successful, redirecting to homepage
2025-09-10 00:05:48,663 - debug - DEBUG - ⏱️ Request processed in 0.6371s: /user/register-submit
2025-09-10 00:05:48,681 - debug - INFO - === ACCESSING ROOT PAGE ===
2025-09-10 00:05:48,681 - debug - DEBUG - 🔍 Username from cookie: hihi
2025-09-10 00:05:48,699 - debug - DEBUG - ⏱️ Request processed in 0.0262s: /
2025-09-10 00:05:49,009 - debug - WARNING - 🔍 Not found: https://localhost:8443/favicon.ico
2025-09-10 00:05:49,011 - debug - DEBUG - ⏱️ Request processed in 0.0071s: /favicon.ico
2025-09-10 00:05:49,534 - debug - INFO - === ACCESSING ROOT PAGE ===
2025-09-10 00:05:49,535 - debug - DEBUG - 🔍 Username from cookie: hihi
2025-09-10 00:05:49,543 - debug - DEBUG - ⏱️ Request processed in 0.0102s: /
